Process ID               Arrival Time (A.T)       Brust Time (B.T)         Completion Time (C.T)    Turn-Around Time (T.A.T) Wait Time (W.T)          
1                        0                        3                        3                        3                        0                        
2                        0                        2                        5                        5                        3                        
3                        0                        2                        8                        8                        6                        
4                        0                        3                        37                       37                       34                       
5                        0                        1                        13                       13                       12                       
6                        1                        2                        22                       21                       19                       
7                        2                        4                        31                       29                       25                       
8                        2                        3                        20                       18                       15                       
9                        3                        2                        11                       8                        6                        
10                       3                        3                        30                       27                       24                       
11                       3                        2                        24                       21                       19                       
12                       4                        3                        45                       41                       38                       
13                       4                        2                        33                       29                       27                       
14                       5                        3                        35                       30                       27                       
15                       6                        5                        52                       46                       41                       
16                       6                        3                        49                       43                       40                       
17                       6                        2                        25                       19                       17                       
18                       7                        5                        51                       44                       39                       
19                       9                        2                        54                       45                       43                       
20                       10                       2                        15                       5                        3                        

(0) p1 (3) p2 (5) p8 (6) p3 (8) p6 (9) p9 (11) p17 (12) p5 (13) p20 (15) p7 (18) p8 (20) p14 (21) p6 (22) p11 (24) p17 (25) p4 (27) p10 (30) p7 (31) p13 (33) p14 (35) p15 (36) p4 (37) p16 (39) p18 (42) p12 (45) p15 (48) p16 (49) p18 (51) p15 (52) p19 (54) 